[08:07:39] [Server thread/INFO]: Starting minecraft server version 1.12.2
[08:07:39] [Server thread/INFO]: Loading properties
[08:07:39] [Server thread/INFO]: Default game type: SURVIVAL
[08:07:39] [Server thread/INFO]: This server is running CraftBukkit version git-Spigot-dcd1643-e60fc34 (MC: 1.12.2) (Implementing API version 1.12.2-R0.1-SNAPSHOT)
[08:07:39] [Server thread/INFO]: Debug logging is disabled
[08:07:39] [Server thread/INFO]: Server Ping Player Sample Count: 12
[08:07:39] [Server thread/INFO]: Using 4 threads for Netty based IO
[08:07:39] [Server thread/INFO]: Generating keypair
[08:07:39] [Server thread/INFO]: Starting Minecraft server on *:25565
[08:07:39] [Server thread/INFO]: Using default channel type
[08:07:40] [Server thread/INFO]: Set PluginClassLoader as parallel capable
[08:07:40] [Server thread/INFO]: [MailW] Loading MailW v1.0.0
[08:07:40] [Server thread/INFO]: **** Beginning UUID conversion, this may take A LONG time ****
[08:07:40] [Server thread/INFO]: Preparing level "world"
[08:07:40] [Server thread/INFO]: -------- World Settings For [world] --------
[08:07:40] [Server thread/INFO]: Arrow Despawn Rate: 1200
[08:07:40] [Server thread/INFO]: Experience Merge Radius: 3.0
[08:07:40] [Server thread/INFO]: Allow Zombie Pigmen to spawn from portal blocks: true
[08:07:40] [Server thread/INFO]: Item Merge Radius: 2.5
[08:07:40] [Server thread/INFO]: Item Despawn Rate: 6000
[08:07:40] [Server thread/INFO]: View Distance: 10
[08:07:40] [Server thread/INFO]: Zombie Aggressive Towards Villager: true
[08:07:40] [Server thread/INFO]: Mob Spawn Range: 4
[08:07:40] [Server thread/INFO]: Cactus Growth Modifier: 100%
[08:07:40] [Server thread/INFO]: Cane Growth Modifier: 100%
[08:07:40] [Server thread/INFO]: Melon Growth Modifier: 100%
[08:07:40] [Server thread/INFO]: Mushroom Growth Modifier: 100%
[08:07:40] [Server thread/INFO]: Pumpkin Growth Modifier: 100%
[08:07:40] [Server thread/INFO]: Sapling Growth Modifier: 100%
[08:07:40] [Server thread/INFO]: Wheat Growth Modifier: 100%
[08:07:40] [Server thread/INFO]: NetherWart Growth Modifier: 100%
[08:07:40] [Server thread/INFO]: Vine Growth Modifier: 100%
[08:07:40] [Server thread/INFO]: Cocoa Growth Modifier: 100%
[08:07:40] [Server thread/INFO]: Structure Info Saving: true
[08:07:40] [Server thread/INFO]: Hopper Transfer: 8 Hopper Check: 1 Hopper Amount: 1
[08:07:40] [Server thread/INFO]: Max TNT Explosions: 100
[08:07:40] [Server thread/INFO]: Entity Activation Range: An 32 / Mo 32 / Mi 16 / Tiv true
[08:07:40] [Server thread/INFO]: Entity Tracking Range: Pl 48 / An 48 / Mo 48 / Mi 32 / Other 64
[08:07:40] [Server thread/INFO]: Tile Max Tick Time: 50ms Entity max Tick Time: 50ms
[08:07:40] [Server thread/INFO]: Random Lighting Updates: false
[08:07:40] [Server thread/INFO]: Nerfing mobs spawned from spawners: false
[08:07:40] [Server thread/INFO]: Custom Map Seeds:  Village: 10387312 Feature: 14357617 Monument: 10387313 Slime: 987234911
[08:07:40] [Server thread/INFO]: -------- World Settings For [world_nether] --------
[08:07:40] [Server thread/INFO]: Arrow Despawn Rate: 1200
[08:07:40] [Server thread/INFO]: Experience Merge Radius: 3.0
[08:07:40] [Server thread/INFO]: Allow Zombie Pigmen to spawn from portal blocks: true
[08:07:40] [Server thread/INFO]: Item Merge Radius: 2.5
[08:07:40] [Server thread/INFO]: Item Despawn Rate: 6000
[08:07:40] [Server thread/INFO]: View Distance: 10
[08:07:40] [Server thread/INFO]: Zombie Aggressive Towards Villager: true
[08:07:40] [Server thread/INFO]: Mob Spawn Range: 4
[08:07:40] [Server thread/INFO]: Cactus Growth Modifier: 100%
[08:07:40] [Server thread/INFO]: Cane Growth Modifier: 100%
[08:07:40] [Server thread/INFO]: Melon Growth Modifier: 100%
[08:07:40] [Server thread/INFO]: Mushroom Growth Modifier: 100%
[08:07:40] [Server thread/INFO]: Pumpkin Growth Modifier: 100%
[08:07:40] [Server thread/INFO]: Sapling Growth Modifier: 100%
[08:07:40] [Server thread/INFO]: Wheat Growth Modifier: 100%
[08:07:40] [Server thread/INFO]: NetherWart Growth Modifier: 100%
[08:07:40] [Server thread/INFO]: Vine Growth Modifier: 100%
[08:07:40] [Server thread/INFO]: Cocoa Growth Modifier: 100%
[08:07:40] [Server thread/INFO]: Structure Info Saving: true
[08:07:40] [Server thread/INFO]: Hopper Transfer: 8 Hopper Check: 1 Hopper Amount: 1
[08:07:40] [Server thread/INFO]: Max TNT Explosions: 100
[08:07:40] [Server thread/INFO]: Entity Activation Range: An 32 / Mo 32 / Mi 16 / Tiv true
[08:07:40] [Server thread/INFO]: Entity Tracking Range: Pl 48 / An 48 / Mo 48 / Mi 32 / Other 64
[08:07:40] [Server thread/INFO]: Tile Max Tick Time: 50ms Entity max Tick Time: 50ms
[08:07:40] [Server thread/INFO]: Random Lighting Updates: false
[08:07:40] [Server thread/INFO]: Nerfing mobs spawned from spawners: false
[08:07:40] [Server thread/INFO]: Custom Map Seeds:  Village: 10387312 Feature: 14357617 Monument: 10387313 Slime: 987234911
[08:07:40] [Server thread/INFO]: -------- World Settings For [world_the_end] --------
[08:07:40] [Server thread/INFO]: Arrow Despawn Rate: 1200
[08:07:40] [Server thread/INFO]: Experience Merge Radius: 3.0
[08:07:40] [Server thread/INFO]: Allow Zombie Pigmen to spawn from portal blocks: true
[08:07:40] [Server thread/INFO]: Item Merge Radius: 2.5
[08:07:40] [Server thread/INFO]: Item Despawn Rate: 6000
[08:07:40] [Server thread/INFO]: View Distance: 10
[08:07:40] [Server thread/INFO]: Zombie Aggressive Towards Villager: true
[08:07:40] [Server thread/INFO]: Mob Spawn Range: 4
[08:07:40] [Server thread/INFO]: Cactus Growth Modifier: 100%
[08:07:40] [Server thread/INFO]: Cane Growth Modifier: 100%
[08:07:40] [Server thread/INFO]: Melon Growth Modifier: 100%
[08:07:40] [Server thread/INFO]: Mushroom Growth Modifier: 100%
[08:07:40] [Server thread/INFO]: Pumpkin Growth Modifier: 100%
[08:07:40] [Server thread/INFO]: Sapling Growth Modifier: 100%
[08:07:40] [Server thread/INFO]: Wheat Growth Modifier: 100%
[08:07:40] [Server thread/INFO]: NetherWart Growth Modifier: 100%
[08:07:40] [Server thread/INFO]: Vine Growth Modifier: 100%
[08:07:40] [Server thread/INFO]: Cocoa Growth Modifier: 100%
[08:07:40] [Server thread/INFO]: Structure Info Saving: true
[08:07:40] [Server thread/INFO]: Hopper Transfer: 8 Hopper Check: 1 Hopper Amount: 1
[08:07:40] [Server thread/INFO]: Max TNT Explosions: 100
[08:07:40] [Server thread/INFO]: Entity Activation Range: An 32 / Mo 32 / Mi 16 / Tiv true
[08:07:40] [Server thread/INFO]: Entity Tracking Range: Pl 48 / An 48 / Mo 48 / Mi 32 / Other 64
[08:07:40] [Server thread/INFO]: Tile Max Tick Time: 50ms Entity max Tick Time: 50ms
[08:07:40] [Server thread/INFO]: Random Lighting Updates: false
[08:07:40] [Server thread/INFO]: Nerfing mobs spawned from spawners: false
[08:07:40] [Server thread/INFO]: Custom Map Seeds:  Village: 10387312 Feature: 14357617 Monument: 10387313 Slime: 987234911
[08:07:40] [Server thread/INFO]: Preparing start region for level 0 (Seed: -4973611179219863972)
[08:07:41] [Server thread/INFO]: Preparing start region for level 1 (Seed: -4973611179219863972)
[08:07:42] [Server thread/INFO]: Preparing start region for level 2 (Seed: -4973611179219863972)
[08:07:42] [Server thread/INFO]: [MailW] Enabling MailW v1.0.0
[08:07:42] [Server thread/INFO]: [0;32;1m= MailW Has Been Launched =[m
[08:07:42] [Server thread/INFO]: Server permissions file permissions.yml is empty, ignoring it
[08:07:42] [Server thread/INFO]: Done (1.952s)! For help, type "help" or "?"
[08:07:48] [Server thread/INFO]: Unknown command. Type "/help" for help.[m
[08:07:50] [Server thread/INFO]: Unknown command. Type "/help" for help.[m
[08:08:05] [Server thread/INFO]: Stopping the server
[08:08:05] [Server thread/INFO]: Stopping server
[08:08:05] [Server thread/INFO]: [MailW] Disabling MailW v1.0.0
[08:08:05] [Server thread/INFO]: [0;36;1m= MailW Has Been Stopped =[m
[08:08:05] [Server thread/INFO]: Saving players
[08:08:05] [Server thread/INFO]: Saving worlds
[08:08:05] [Server thread/INFO]: Saving chunks for level 'world'/overworld
[08:08:06] [Server thread/INFO]: Saving chunks for level 'world_nether'/the_nether
[08:08:06] [Server thread/INFO]: Saving chunks for level 'world_the_end'/the_end
